<?xml version="1.0" encoding="UTF-8"?>
<!-- Generated by org.testng.reporters.JUnitReportReporter -->
<testsuite hostname="Pravallika" failures="0" tests="6" name="runner.TestRunner" time="40.309" errors="0" timestamp="2025-03-20T21:14:26 IST" skipped="0">
  <testcase classname="runner.TestRunner" name="runScenario" time="4.693"/>
  <system-out/>
  <testcase classname="runner.TestRunner" name="runScenario" time="7.053"/>
  <system-out/>
  <testcase classname="runner.TestRunner" name="runScenario" time="1.890"/>
  <system-out/>
  <testcase classname="runner.TestRunner" name="runScenario" time="14.820"/>
  <system-out/>
  <testcase classname="runner.TestRunner" name="runScenario" time="10.205"/>
  <system-out/>
  <testcase classname="runner.TestRunner" name="runScenario" time="1.648"/>
  <system-out/>
</testsuite> <!-- runner.TestRunner -->
