<?xml version="1.0" encoding="UTF-8"?>
<!-- Generated by org.testng.reporters.JUnitReportReporter -->
<testsuite hostname="Pravallika" failures="0" tests="6" name="runner.TestRunner" time="40.070" errors="0" timestamp="2025-03-20T21:10:56 IST" skipped="0">
  <testcase classname="runner.TestRunner" name="runScenario" time="4.679"/>
  <system-out/>
  <testcase classname="runner.TestRunner" name="runScenario" time="0.922"/>
  <system-out/>
  <testcase classname="runner.TestRunner" name="runScenario" time="16.158"/>
  <system-out/>
  <testcase classname="runner.TestRunner" name="runScenario" time="2.249"/>
  <system-out/>
  <testcase classname="runner.TestRunner" name="runScenario" time="7.798"/>
  <system-out/>
  <testcase classname="runner.TestRunner" name="runScenario" time="8.264"/>
  <system-out/>
</testsuite> <!-- runner.TestRunner -->
